2021-02-27 17:26:03.501  INFO 23412 --- [main] com.gupaoedu.GpSpringBootApplication     : Starting GpSpringBootApplication using Java 1.8.0_261 on DESKTOP-TJCG53D with PID 23412 (C:\MySourceGithub\MySource\java\Spring\springboot_demo_manual_create\target\classes started by JiaXie in C:\MySourceGithub\MySource\java\Spring\springboot_demo_manual_create)
2021-02-27 17:26:03.518  INFO 23412 --- [main] com.gupaoedu.GpSpringBootApplication     : No active profile set, falling back to default profiles: default
2021-02-27 17:26:06.100  INFO 23412 --- [main] o.s.b.w.embedded.tomcat.TomcatWebServer  : Tomcat initialized with port(s): 8080 (http)
2021-02-27 17:26:06.122  INFO 23412 --- [main] o.apache.catalina.core.StandardService   : Starting service [Tomcat]
2021-02-27 17:26:06.122  INFO 23412 --- [main] org.apache.catalina.core.StandardEngine  : Starting Servlet engine: [Apache Tomcat/9.0.41]
2021-02-27 17:26:06.242  INFO 23412 --- [main] o.a.c.c.C.[.[localhost].[/springboot]    : Initializing Spring embedded WebApplicationContext
2021-02-27 17:26:06.244  INFO 23412 --- [main] w.s.c.ServletWebServerApplicationContext : Root WebApplicationContext: initialization completed in 2625 ms
2021-02-27 17:26:06.567  INFO 23412 --- [main] o.s.s.concurrent.ThreadPoolTaskExecutor  : Initializing ExecutorService 'applicationTaskExecutor'
2021-02-27 17:26:06.580 DEBUG 23412 --- [main] s.w.s.m.m.a.RequestMappingHandlerAdapter : ControllerAdvice beans: 0 @ModelAttribute, 0 @InitBinder, 1 RequestBodyAdvice, 1 ResponseBodyAdvice
2021-02-27 17:26:06.764 DEBUG 23412 --- [main] s.w.s.m.m.a.RequestMappingHandlerMapping : 5 mappings in 'requestMappingHandlerMapping'
2021-02-27 17:26:06.774  INFO 23412 --- [main] o.s.b.a.w.s.WelcomePageHandlerMapping    : Adding welcome page: class path resource [static/index.html]
2021-02-27 17:26:06.815 DEBUG 23412 --- [main] o.s.w.s.handler.SimpleUrlHandlerMapping  : Patterns [/webjars/**, /**] in 'resourceHandlerMapping'
2021-02-27 17:26:06.835 DEBUG 23412 --- [main] .m.m.a.ExceptionHandlerExceptionResolver : ControllerAdvice beans: 0 @ExceptionHandler, 1 ResponseBodyAdvice
2021-02-27 17:26:06.947  INFO 23412 --- [main] o.s.b.w.embedded.tomcat.TomcatWebServer  : Tomcat started on port(s): 8080 (http) with context path '/springboot'
2021-02-27 17:26:06.967  INFO 23412 --- [main] com.gupaoedu.GpSpringBootApplication     : Started GpSpringBootApplication in 4.314 seconds (JVM running for 5.207)
2021-02-27 17:27:09.826  INFO 23412 --- [http-nio-8080-exec-4] o.a.c.c.C.[.[localhost].[/springboot]    : Initializing Spring DispatcherServlet 'dispatcherServlet'
2021-02-27 17:27:09.826  INFO 23412 --- [http-nio-8080-exec-4] o.s.web.servlet.DispatcherServlet        : Initializing Servlet 'dispatcherServlet'
2021-02-27 17:27:09.826 DEBUG 23412 --- [http-nio-8080-exec-4] o.s.web.servlet.DispatcherServlet        : Detected StandardServletMultipartResolver
2021-02-27 17:27:09.826 DEBUG 23412 --- [http-nio-8080-exec-4] o.s.web.servlet.DispatcherServlet        : Detected AcceptHeaderLocaleResolver
2021-02-27 17:27:09.826 DEBUG 23412 --- [http-nio-8080-exec-4] o.s.web.servlet.DispatcherServlet        : Detected FixedThemeResolver
2021-02-27 17:27:09.826 DEBUG 23412 --- [http-nio-8080-exec-4] o.s.web.servlet.DispatcherServlet        : Detected org.springframework.web.servlet.view.DefaultRequestToViewNameTranslator@33e22617
2021-02-27 17:27:09.826 DEBUG 23412 --- [http-nio-8080-exec-4] o.s.web.servlet.DispatcherServlet        : Detected org.springframework.web.servlet.support.SessionFlashMapManager@63ff46cc
2021-02-27 17:27:09.826 DEBUG 23412 --- [http-nio-8080-exec-4] o.s.web.servlet.DispatcherServlet        : enableLoggingRequestDetails='false': request parameters and headers will be masked to prevent unsafe logging of potentially sensitive data
2021-02-27 17:27:09.826  INFO 23412 --- [http-nio-8080-exec-4] o.s.web.servlet.DispatcherServlet        : Completed initialization in 0 ms
2021-02-27 17:27:09.841 DEBUG 23412 --- [http-nio-8080-exec-4] o.s.web.servlet.DispatcherServlet        : GET "/springboot/", parameters={}
2021-02-27 17:27:09.857 DEBUG 23412 --- [http-nio-8080-exec-4] o.s.w.s.v.ContentNegotiatingViewResolver : Selected 'text/html' given [text/html, application/xhtml+xml, image/webp, application/xml;q=0.9, */*;q=0.8]
2021-02-27 17:27:09.857 DEBUG 23412 --- [http-nio-8080-exec-4] o.s.w.servlet.view.InternalResourceView  : View name 'forward:', model {}
2021-02-27 17:27:09.857 DEBUG 23412 --- [http-nio-8080-exec-4] o.s.w.servlet.view.InternalResourceView  : Forwarding to [index.html]
2021-02-27 17:27:09.873 DEBUG 23412 --- [http-nio-8080-exec-4] o.s.web.servlet.DispatcherServlet        : "FORWARD" dispatch for GET "/springboot/index.html", parameters={}
2021-02-27 17:27:09.873 DEBUG 23412 --- [http-nio-8080-exec-4] o.s.w.s.handler.SimpleUrlHandlerMapping  : Mapped to ResourceHttpRequestHandler ["classpath:/META-INF/resources/", "classpath:/resources/", "classpath:/static/", "classpath:/custom/", "/"]
2021-02-27 17:27:09.888 DEBUG 23412 --- [http-nio-8080-exec-4] o.s.web.servlet.DispatcherServlet        : Exiting from "FORWARD" dispatch, status 200
2021-02-27 17:27:09.888 DEBUG 23412 --- [http-nio-8080-exec-4] o.s.web.servlet.DispatcherServlet        : Completed 200 OK
2021-02-27 17:27:09.926 DEBUG 23412 --- [http-nio-8080-exec-5] o.s.web.servlet.DispatcherServlet        : GET "/springboot/img/test.png", parameters={}
2021-02-27 17:27:09.926 DEBUG 23412 --- [http-nio-8080-exec-5] o.s.w.s.handler.SimpleUrlHandlerMapping  : Mapped to ResourceHttpRequestHandler ["classpath:/META-INF/resources/", "classpath:/resources/", "classpath:/static/", "classpath:/custom/", "/"]
2021-02-27 17:27:09.926 DEBUG 23412 --- [http-nio-8080-exec-5] o.s.web.servlet.DispatcherServlet        : Completed 200 OK
2021-02-27 17:27:45.983 DEBUG 23412 --- [http-nio-8080-exec-6] o.s.web.servlet.DispatcherServlet        : GET "/springboot/hello", parameters={}
2021-02-27 17:27:45.983 DEBUG 23412 --- [http-nio-8080-exec-6] s.w.s.m.m.a.RequestMappingHandlerMapping : Mapped to com.gupaoedu.controller.UserController#hello()
2021-02-27 17:27:46.006 DEBUG 23412 --- [http-nio-8080-exec-6] m.m.a.RequestResponseBodyMethodProcessor : Using 'text/html', given [text/html, application/xhtml+xml, image/webp, application/xml;q=0.9, */*;q=0.8] and supported [text/plain, */*, text/plain, */*, application/json, application/*+json, application/json, application/*+json]
2021-02-27 17:27:46.006 DEBUG 23412 --- [http-nio-8080-exec-6] m.m.a.RequestResponseBodyMethodProcessor : Writing ["Hello, SpringBoot...maven, User{username='kelvin', age=18, address='北京海淀'}"]
2021-02-27 17:27:46.006 DEBUG 23412 --- [http-nio-8080-exec-6] o.s.web.servlet.DispatcherServlet        : Completed 200 OK
2021-02-27 17:28:09.458 DEBUG 23412 --- [http-nio-8080-exec-7] o.s.web.servlet.DispatcherServlet        : GET "/springboot/hello1", parameters={}
2021-02-27 17:28:09.459 DEBUG 23412 --- [http-nio-8080-exec-7] s.w.s.m.m.a.RequestMappingHandlerMapping : Mapped to com.gupaoedu.controller.UserController#query()
2021-02-27 17:28:09.512 DEBUG 23412 --- [http-nio-8080-exec-7] m.m.a.RequestResponseBodyMethodProcessor : Using 'application/json;q=0.8', given [text/html, application/xhtml+xml, image/webp, application/xml;q=0.9, */*;q=0.8] and supported [application/json, application/*+json, application/json, application/*+json]
2021-02-27 17:28:09.512 DEBUG 23412 --- [http-nio-8080-exec-7] m.m.a.RequestResponseBodyMethodProcessor : Writing [User{username='kelvin', age=18, address='北京海淀'}]
2021-02-27 17:28:09.529 DEBUG 23412 --- [http-nio-8080-exec-7] o.s.web.servlet.DispatcherServlet        : Completed 200 OK
2021-02-27 17:51:30.162  INFO 24944 --- [main] com.gupaoedu.GpSpringBootApplication     : Starting GpSpringBootApplication using Java 1.8.0_261 on DESKTOP-TJCG53D with PID 24944 (C:\MySourceGithub\MySource\java\Spring\springboot_demo_manual_create\target\classes started by JiaXie in C:\MySourceGithub\MySource\java\Spring\springboot_demo_manual_create)
2021-02-27 17:51:30.162  INFO 24944 --- [main] com.gupaoedu.GpSpringBootApplication     : No active profile set, falling back to default profiles: default
2021-02-27 17:51:32.298  INFO 24944 --- [main] o.s.b.w.embedded.tomcat.TomcatWebServer  : Tomcat initialized with port(s): 8080 (http)
2021-02-27 17:51:32.325  INFO 24944 --- [main] o.apache.catalina.core.StandardService   : Starting service [Tomcat]
2021-02-27 17:51:32.325  INFO 24944 --- [main] org.apache.catalina.core.StandardEngine  : Starting Servlet engine: [Apache Tomcat/9.0.41]
2021-02-27 17:51:33.075  INFO 24944 --- [main] o.a.c.c.C.[.[localhost].[/springboot]    : Initializing Spring embedded WebApplicationContext
2021-02-27 17:51:33.075  INFO 24944 --- [main] w.s.c.ServletWebServerApplicationContext : Root WebApplicationContext: initialization completed in 2833 ms
2021-02-27 17:51:33.375  INFO 24944 --- [main] o.s.s.concurrent.ThreadPoolTaskExecutor  : Initializing ExecutorService 'applicationTaskExecutor'
2021-02-27 17:51:33.391 DEBUG 24944 --- [main] s.w.s.m.m.a.RequestMappingHandlerAdapter : ControllerAdvice beans: 0 @ModelAttribute, 0 @InitBinder, 1 RequestBodyAdvice, 1 ResponseBodyAdvice
2021-02-27 17:51:33.536 DEBUG 24944 --- [main] s.w.s.m.m.a.RequestMappingHandlerMapping : 5 mappings in 'requestMappingHandlerMapping'
2021-02-27 17:51:33.538  INFO 24944 --- [main] o.s.b.a.w.s.WelcomePageHandlerMapping    : Adding welcome page: class path resource [static/index.html]
2021-02-27 17:51:33.569 DEBUG 24944 --- [main] o.s.w.s.handler.SimpleUrlHandlerMapping  : Patterns [/webjars/**, /**] in 'resourceHandlerMapping'
2021-02-27 17:51:33.585 DEBUG 24944 --- [main] .m.m.a.ExceptionHandlerExceptionResolver : ControllerAdvice beans: 0 @ExceptionHandler, 1 ResponseBodyAdvice
2021-02-27 17:51:33.691  INFO 24944 --- [main] o.s.b.w.embedded.tomcat.TomcatWebServer  : Tomcat started on port(s): 8080 (http) with context path '/springboot'
2021-02-27 17:51:33.714  INFO 24944 --- [main] com.gupaoedu.GpSpringBootApplication     : Started GpSpringBootApplication in 4.23 seconds (JVM running for 5.077)
2021-02-27 17:51:38.643  INFO 24944 --- [http-nio-8080-exec-1] o.a.c.c.C.[.[localhost].[/springboot]    : Initializing Spring DispatcherServlet 'dispatcherServlet'
2021-02-27 17:51:38.643  INFO 24944 --- [http-nio-8080-exec-1] o.s.web.servlet.DispatcherServlet        : Initializing Servlet 'dispatcherServlet'
2021-02-27 17:51:38.643 DEBUG 24944 --- [http-nio-8080-exec-1] o.s.web.servlet.DispatcherServlet        : Detected StandardServletMultipartResolver
2021-02-27 17:51:38.643 DEBUG 24944 --- [http-nio-8080-exec-1] o.s.web.servlet.DispatcherServlet        : Detected AcceptHeaderLocaleResolver
2021-02-27 17:51:38.643 DEBUG 24944 --- [http-nio-8080-exec-1] o.s.web.servlet.DispatcherServlet        : Detected FixedThemeResolver
2021-02-27 17:51:38.643 DEBUG 24944 --- [http-nio-8080-exec-1] o.s.web.servlet.DispatcherServlet        : Detected org.springframework.web.servlet.view.DefaultRequestToViewNameTranslator@594388bb
2021-02-27 17:51:38.643 DEBUG 24944 --- [http-nio-8080-exec-1] o.s.web.servlet.DispatcherServlet        : Detected org.springframework.web.servlet.support.SessionFlashMapManager@54c63867
2021-02-27 17:51:38.643 DEBUG 24944 --- [http-nio-8080-exec-1] o.s.web.servlet.DispatcherServlet        : enableLoggingRequestDetails='false': request parameters and headers will be masked to prevent unsafe logging of potentially sensitive data
2021-02-27 17:51:38.643  INFO 24944 --- [http-nio-8080-exec-1] o.s.web.servlet.DispatcherServlet        : Completed initialization in 0 ms
2021-02-27 17:51:38.659 DEBUG 24944 --- [http-nio-8080-exec-1] o.s.web.servlet.DispatcherServlet        : GET "/springboot/index1.html", parameters={}
2021-02-27 17:51:38.675 DEBUG 24944 --- [http-nio-8080-exec-1] o.s.w.s.handler.SimpleUrlHandlerMapping  : Mapped to ResourceHttpRequestHandler ["classpath:/META-INF/resources/", "classpath:/resources/", "classpath:/static/", "classpath:/custom/", "/"]
2021-02-27 17:51:38.712 DEBUG 24944 --- [http-nio-8080-exec-1] o.s.web.servlet.DispatcherServlet        : Completed 200 OK
2021-02-27 18:13:28.266  INFO 7244 --- [main] com.gupaoedu.GpSpringBootApplication     : Starting GpSpringBootApplication using Java 1.8.0_261 on DESKTOP-TJCG53D with PID 7244 (C:\MySourceGithub\MySource\java\Spring\springboot_demo_manual_create\target\classes started by JiaXie in C:\MySourceGithub\MySource\java\Spring\springboot_demo_manual_create)
2021-02-27 18:13:28.266  INFO 7244 --- [main] com.gupaoedu.GpSpringBootApplication     : No active profile set, falling back to default profiles: default
2021-02-27 18:13:30.670  INFO 7244 --- [main] o.s.b.w.embedded.tomcat.TomcatWebServer  : Tomcat initialized with port(s): 8080 (http)
2021-02-27 18:13:30.691  INFO 7244 --- [main] o.apache.catalina.core.StandardService   : Starting service [Tomcat]
2021-02-27 18:13:30.691  INFO 7244 --- [main] org.apache.catalina.core.StandardEngine  : Starting Servlet engine: [Apache Tomcat/9.0.41]
2021-02-27 18:13:30.813  INFO 7244 --- [main] o.a.c.c.C.[.[localhost].[/springboot]    : Initializing Spring embedded WebApplicationContext
2021-02-27 18:13:30.813  INFO 7244 --- [main] w.s.c.ServletWebServerApplicationContext : Root WebApplicationContext: initialization completed in 2469 ms
2021-02-27 18:13:31.148  INFO 7244 --- [main] o.s.s.concurrent.ThreadPoolTaskExecutor  : Initializing ExecutorService 'applicationTaskExecutor'
2021-02-27 18:13:31.159 DEBUG 7244 --- [main] s.w.s.m.m.a.RequestMappingHandlerAdapter : ControllerAdvice beans: 0 @ModelAttribute, 0 @InitBinder, 1 RequestBodyAdvice, 1 ResponseBodyAdvice
2021-02-27 18:13:31.321 DEBUG 7244 --- [main] s.w.s.m.m.a.RequestMappingHandlerMapping : 5 mappings in 'requestMappingHandlerMapping'
2021-02-27 18:13:31.329  INFO 7244 --- [main] o.s.b.a.w.s.WelcomePageHandlerMapping    : Adding welcome page: class path resource [static/index.html]
2021-02-27 18:13:31.372 DEBUG 7244 --- [main] o.s.w.s.handler.SimpleUrlHandlerMapping  : Patterns [/webjars/**, /**] in 'resourceHandlerMapping'
2021-02-27 18:13:31.390 DEBUG 7244 --- [main] .m.m.a.ExceptionHandlerExceptionResolver : ControllerAdvice beans: 0 @ExceptionHandler, 1 ResponseBodyAdvice
2021-02-27 18:13:31.515  INFO 7244 --- [main] o.s.b.w.embedded.tomcat.TomcatWebServer  : Tomcat started on port(s): 8080 (http) with context path '/springboot'
2021-02-27 18:13:31.535  INFO 7244 --- [main] com.gupaoedu.GpSpringBootApplication     : Started GpSpringBootApplication in 3.962 seconds (JVM running for 4.763)
2021-02-27 18:13:57.788  INFO 7244 --- [http-nio-8080-exec-2] o.a.c.c.C.[.[localhost].[/springboot]    : Initializing Spring DispatcherServlet 'dispatcherServlet'
2021-02-27 18:13:57.788  INFO 7244 --- [http-nio-8080-exec-2] o.s.web.servlet.DispatcherServlet        : Initializing Servlet 'dispatcherServlet'
2021-02-27 18:13:57.788 DEBUG 7244 --- [http-nio-8080-exec-2] o.s.web.servlet.DispatcherServlet        : Detected StandardServletMultipartResolver
2021-02-27 18:13:57.788 DEBUG 7244 --- [http-nio-8080-exec-2] o.s.web.servlet.DispatcherServlet        : Detected AcceptHeaderLocaleResolver
2021-02-27 18:13:57.788 DEBUG 7244 --- [http-nio-8080-exec-2] o.s.web.servlet.DispatcherServlet        : Detected FixedThemeResolver
2021-02-27 18:13:57.788 DEBUG 7244 --- [http-nio-8080-exec-2] o.s.web.servlet.DispatcherServlet        : Detected org.springframework.web.servlet.view.DefaultRequestToViewNameTranslator@c998640
2021-02-27 18:13:57.788 DEBUG 7244 --- [http-nio-8080-exec-2] o.s.web.servlet.DispatcherServlet        : Detected org.springframework.web.servlet.support.SessionFlashMapManager@fa07bfd
2021-02-27 18:13:57.788 DEBUG 7244 --- [http-nio-8080-exec-2] o.s.web.servlet.DispatcherServlet        : enableLoggingRequestDetails='false': request parameters and headers will be masked to prevent unsafe logging of potentially sensitive data
2021-02-27 18:13:57.788  INFO 7244 --- [http-nio-8080-exec-2] o.s.web.servlet.DispatcherServlet        : Completed initialization in 0 ms
2021-02-27 18:13:57.804 DEBUG 7244 --- [http-nio-8080-exec-2] o.s.web.servlet.DispatcherServlet        : GET "/springboot/index.html", parameters={}
2021-02-27 18:13:57.820 DEBUG 7244 --- [http-nio-8080-exec-2] o.s.w.s.handler.SimpleUrlHandlerMapping  : Mapped to ResourceHttpRequestHandler ["classpath:/META-INF/resources/", "classpath:/resources/", "classpath:/static/", "classpath:/public/", "/"]
2021-02-27 18:13:57.857 DEBUG 7244 --- [http-nio-8080-exec-2] o.s.web.servlet.DispatcherServlet        : Completed 200 OK
2021-02-27 20:07:22.610  INFO 24228 --- [main] com.gupaoedu.GpSpringBootApplication     : Starting GpSpringBootApplication using Java 1.8.0_261 on DESKTOP-TJCG53D with PID 24228 (C:\MySourceGithub\MySource\java\Spring\springboot_demo_manual_create\target\classes started by JiaXie in C:\MySourceGithub\MySource\java\Spring\springboot_demo_manual_create)
2021-02-27 20:07:22.618  INFO 24228 --- [main] com.gupaoedu.GpSpringBootApplication     : No active profile set, falling back to default profiles: default
2021-02-27 20:07:24.659  INFO 24228 --- [main] o.s.b.w.embedded.tomcat.TomcatWebServer  : Tomcat initialized with port(s): 8080 (http)
2021-02-27 20:07:24.679  INFO 24228 --- [main] o.apache.catalina.core.StandardService   : Starting service [Tomcat]
2021-02-27 20:07:24.679  INFO 24228 --- [main] org.apache.catalina.core.StandardEngine  : Starting Servlet engine: [Apache Tomcat/9.0.41]
2021-02-27 20:07:24.801  INFO 24228 --- [main] o.a.c.c.C.[.[localhost].[/springboot]    : Initializing Spring embedded WebApplicationContext
2021-02-27 20:07:24.801  INFO 24228 --- [main] w.s.c.ServletWebServerApplicationContext : Root WebApplicationContext: initialization completed in 2102 ms
2021-02-27 20:07:25.104  INFO 24228 --- [main] o.s.s.concurrent.ThreadPoolTaskExecutor  : Initializing ExecutorService 'applicationTaskExecutor'
2021-02-27 20:07:25.116 DEBUG 24228 --- [main] s.w.s.m.m.a.RequestMappingHandlerAdapter : ControllerAdvice beans: 0 @ModelAttribute, 0 @InitBinder, 1 RequestBodyAdvice, 1 ResponseBodyAdvice
2021-02-27 20:07:25.249 DEBUG 24228 --- [main] s.w.s.m.m.a.RequestMappingHandlerMapping : 5 mappings in 'requestMappingHandlerMapping'
2021-02-27 20:07:25.257  INFO 24228 --- [main] o.s.b.a.w.s.WelcomePageHandlerMapping    : Adding welcome page: class path resource [static/index.html]
2021-02-27 20:07:25.287 DEBUG 24228 --- [main] o.s.w.s.handler.SimpleUrlHandlerMapping  : Patterns [/webjars/**, /**] in 'resourceHandlerMapping'
2021-02-27 20:07:25.300 DEBUG 24228 --- [main] .m.m.a.ExceptionHandlerExceptionResolver : ControllerAdvice beans: 0 @ExceptionHandler, 1 ResponseBodyAdvice
2021-02-27 20:07:25.411  INFO 24228 --- [main] o.s.b.w.embedded.tomcat.TomcatWebServer  : Tomcat started on port(s): 8080 (http) with context path '/springboot'
2021-02-27 20:07:25.442  INFO 24228 --- [main] com.gupaoedu.GpSpringBootApplication     : Started GpSpringBootApplication in 3.512 seconds (JVM running for 4.21)
2021-02-27 20:07:36.025  INFO 24228 --- [http-nio-8080-exec-1] o.a.c.c.C.[.[localhost].[/springboot]    : Initializing Spring DispatcherServlet 'dispatcherServlet'
2021-02-27 20:07:36.025  INFO 24228 --- [http-nio-8080-exec-1] o.s.web.servlet.DispatcherServlet        : Initializing Servlet 'dispatcherServlet'
2021-02-27 20:07:36.025 DEBUG 24228 --- [http-nio-8080-exec-1] o.s.web.servlet.DispatcherServlet        : Detected StandardServletMultipartResolver
2021-02-27 20:07:36.025 DEBUG 24228 --- [http-nio-8080-exec-1] o.s.web.servlet.DispatcherServlet        : Detected AcceptHeaderLocaleResolver
2021-02-27 20:07:36.041 DEBUG 24228 --- [http-nio-8080-exec-1] o.s.web.servlet.DispatcherServlet        : Detected FixedThemeResolver
2021-02-27 20:07:36.041 DEBUG 24228 --- [http-nio-8080-exec-1] o.s.web.servlet.DispatcherServlet        : Detected org.springframework.web.servlet.view.DefaultRequestToViewNameTranslator@10516bfe
2021-02-27 20:07:36.041 DEBUG 24228 --- [http-nio-8080-exec-1] o.s.web.servlet.DispatcherServlet        : Detected org.springframework.web.servlet.support.SessionFlashMapManager@65a030c4
2021-02-27 20:07:36.041 DEBUG 24228 --- [http-nio-8080-exec-1] o.s.web.servlet.DispatcherServlet        : enableLoggingRequestDetails='false': request parameters and headers will be masked to prevent unsafe logging of potentially sensitive data
2021-02-27 20:07:36.041  INFO 24228 --- [http-nio-8080-exec-1] o.s.web.servlet.DispatcherServlet        : Completed initialization in 16 ms
2021-02-27 20:07:36.041 DEBUG 24228 --- [http-nio-8080-exec-1] o.s.web.servlet.DispatcherServlet        : GET "/springboot/index1.html", parameters={}
2021-02-27 20:07:36.056 DEBUG 24228 --- [http-nio-8080-exec-1] o.s.w.s.handler.SimpleUrlHandlerMapping  : Mapped to ResourceHttpRequestHandler ["classpath:/META-INF/resources/", "classpath:/resources/", "classpath:/static/", "classpath:/public/", "/"]
2021-02-27 20:07:36.080 DEBUG 24228 --- [http-nio-8080-exec-1] o.s.web.servlet.DispatcherServlet        : Completed 304 NOT_MODIFIED
2021-02-27 20:07:36.110 DEBUG 24228 --- [http-nio-8080-exec-2] o.s.web.servlet.DispatcherServlet        : GET "/springboot/img/test.png", parameters={}
2021-02-27 20:07:36.110 DEBUG 24228 --- [http-nio-8080-exec-2] o.s.w.s.handler.SimpleUrlHandlerMapping  : Mapped to ResourceHttpRequestHandler ["classpath:/META-INF/resources/", "classpath:/resources/", "classpath:/static/", "classpath:/public/", "/"]
2021-02-27 20:07:36.125 DEBUG 24228 --- [http-nio-8080-exec-2] o.s.web.servlet.DispatcherServlet        : Completed 304 NOT_MODIFIED
2021-02-27 20:11:28.927 DEBUG 24228 --- [http-nio-8080-exec-6] o.s.web.servlet.DispatcherServlet        : GET "/springboot/hello", parameters={}
2021-02-27 20:11:28.927 DEBUG 24228 --- [http-nio-8080-exec-6] s.w.s.m.m.a.RequestMappingHandlerMapping : Mapped to com.gupaoedu.controller.UserController#hello()
2021-02-27 20:11:28.959 DEBUG 24228 --- [http-nio-8080-exec-6] m.m.a.RequestResponseBodyMethodProcessor : Using 'text/html', given [text/html, application/xhtml+xml, image/webp, application/xml;q=0.9, */*;q=0.8] and supported [text/plain, */*, text/plain, */*, application/json, application/*+json, application/json, application/*+json]
2021-02-27 20:11:28.959 DEBUG 24228 --- [http-nio-8080-exec-6] m.m.a.RequestResponseBodyMethodProcessor : Writing ["Hello, SpringBoot...maven, kelvin 18 北京海淀"]
2021-02-27 20:11:28.977 DEBUG 24228 --- [http-nio-8080-exec-6] o.s.web.servlet.DispatcherServlet        : Completed 200 OK
2021-02-27 20:33:37.350 DEBUG 24228 --- [http-nio-8080-exec-3] o.s.web.servlet.DispatcherServlet        : GET "/springboot/hello1", parameters={}
2021-02-27 20:33:37.350 DEBUG 24228 --- [http-nio-8080-exec-3] s.w.s.m.m.a.RequestMappingHandlerMapping : Mapped to com.gupaoedu.controller.UserController#query()
2021-02-27 20:33:37.399 DEBUG 24228 --- [http-nio-8080-exec-3] m.m.a.RequestResponseBodyMethodProcessor : Using 'application/json;q=0.8', given [text/html, application/xhtml+xml, image/webp, application/xml;q=0.9, */*;q=0.8] and supported [application/json, application/*+json, application/json, application/*+json]
2021-02-27 20:33:37.399 DEBUG 24228 --- [http-nio-8080-exec-3] m.m.a.RequestResponseBodyMethodProcessor : Writing [User{username='kelvin', age=18, address='北京海淀'}]
2021-02-27 20:33:37.415 DEBUG 24228 --- [http-nio-8080-exec-3] o.s.web.servlet.DispatcherServlet        : Completed 200 OK
